2026-06-18 18:58:23,731 - data_preprocessing - DEBUG - Data loaded properly
2026-06-18 18:58:23,731 - data_preprocessing - DEBUG - Starting preprocessing for DataFrame
2026-06-18 18:58:23,738 - data_preprocessing - DEBUG - Target column encoded
2026-06-18 18:58:23,741 - data_preprocessing - DEBUG - Duplicates removed
2026-06-18 18:58:23,741 - data_preprocessing - ERROR - Error during text normalization: 
**********************************************************************
  Resource 'punkt_tab' not found.
  Please use the NLTK Downloader to obtain the resource:

  >>> import nltk
  >>> nltk.download('punkt_tab')

  For more information see: https://www.nltk.org/data.html

  Attempted to load 'tokenizers/punkt_tab/english/'

  Searched in:
    - '/Users/milindchavan/nltk_data'
    - '/opt/miniconda3/envs/ml-vehicle-insurance/nltk_data'
    - '/opt/miniconda3/envs/ml-vehicle-insurance/share/nltk_data'
    - '/opt/miniconda3/envs/ml-vehicle-insurance/lib/nltk_data'
    - '/usr/share/nltk_data'
    - '/usr/local/share/nltk_data'
    - '/usr/lib/nltk_data'
    - '/usr/local/lib/nltk_data'
**********************************************************************

2026-06-18 18:58:23,741 - data_preprocessing - ERROR - Failed to complete the data transformation process: 
**********************************************************************
  Resource 'punkt_tab' not found.
  Please use the NLTK Downloader to obtain the resource:

  >>> import nltk
  >>> nltk.download('punkt_tab')

  For more information see: https://www.nltk.org/data.html

  Attempted to load 'tokenizers/punkt_tab/english/'

  Searched in:
    - '/Users/milindchavan/nltk_data'
    - '/opt/miniconda3/envs/ml-vehicle-insurance/nltk_data'
    - '/opt/miniconda3/envs/ml-vehicle-insurance/share/nltk_data'
    - '/opt/miniconda3/envs/ml-vehicle-insurance/lib/nltk_data'
    - '/usr/share/nltk_data'
    - '/usr/local/share/nltk_data'
    - '/usr/lib/nltk_data'
    - '/usr/local/lib/nltk_data'
**********************************************************************

2026-06-18 18:59:15,533 - data_preprocessing - DEBUG - Data loaded properly
2026-06-18 18:59:15,534 - data_preprocessing - DEBUG - Starting preprocessing for DataFrame
2026-06-18 18:59:15,541 - data_preprocessing - DEBUG - Target column encoded
2026-06-18 18:59:15,544 - data_preprocessing - DEBUG - Duplicates removed
2026-06-18 18:59:15,544 - data_preprocessing - ERROR - Error during text normalization: 
**********************************************************************
  Resource 'punkt_tab' not found.
  Please use the NLTK Downloader to obtain the resource:

  >>> import nltk
  >>> nltk.download('punkt_tab')

  For more information see: https://www.nltk.org/data.html

  Attempted to load 'tokenizers/punkt_tab/english/'

  Searched in:
    - '/Users/milindchavan/nltk_data'
    - '/opt/miniconda3/envs/ml-vehicle-insurance/nltk_data'
    - '/opt/miniconda3/envs/ml-vehicle-insurance/share/nltk_data'
    - '/opt/miniconda3/envs/ml-vehicle-insurance/lib/nltk_data'
    - '/usr/share/nltk_data'
    - '/usr/local/share/nltk_data'
    - '/usr/lib/nltk_data'
    - '/usr/local/lib/nltk_data'
**********************************************************************

2026-06-18 18:59:15,544 - data_preprocessing - ERROR - Failed to complete the data transformation process: 
**********************************************************************
  Resource 'punkt_tab' not found.
  Please use the NLTK Downloader to obtain the resource:

  >>> import nltk
  >>> nltk.download('punkt_tab')

  For more information see: https://www.nltk.org/data.html

  Attempted to load 'tokenizers/punkt_tab/english/'

  Searched in:
    - '/Users/milindchavan/nltk_data'
    - '/opt/miniconda3/envs/ml-vehicle-insurance/nltk_data'
    - '/opt/miniconda3/envs/ml-vehicle-insurance/share/nltk_data'
    - '/opt/miniconda3/envs/ml-vehicle-insurance/lib/nltk_data'
    - '/usr/share/nltk_data'
    - '/usr/local/share/nltk_data'
    - '/usr/lib/nltk_data'
    - '/usr/local/lib/nltk_data'
**********************************************************************

2026-06-18 19:01:42,951 - data_preprocessing - DEBUG - Data loaded properly
2026-06-18 19:01:42,951 - data_preprocessing - DEBUG - Starting preprocessing for DataFrame
2026-06-18 19:01:42,958 - data_preprocessing - DEBUG - Target column encoded
2026-06-18 19:01:42,961 - data_preprocessing - DEBUG - Duplicates removed
2026-06-18 19:01:42,961 - data_preprocessing - ERROR - Error during text normalization: 
**********************************************************************
  Resource 'punkt_tab' not found.
  Please use the NLTK Downloader to obtain the resource:

  >>> import nltk
  >>> nltk.download('punkt_tab')

  For more information see: https://www.nltk.org/data.html

  Attempted to load 'tokenizers/punkt_tab/english/'

  Searched in:
    - '/Users/milindchavan/nltk_data'
    - '/opt/miniconda3/envs/ml-vehicle-insurance/nltk_data'
    - '/opt/miniconda3/envs/ml-vehicle-insurance/share/nltk_data'
    - '/opt/miniconda3/envs/ml-vehicle-insurance/lib/nltk_data'
    - '/usr/share/nltk_data'
    - '/usr/local/share/nltk_data'
    - '/usr/lib/nltk_data'
    - '/usr/local/lib/nltk_data'
**********************************************************************

2026-06-18 19:01:42,961 - data_preprocessing - ERROR - Failed to complete the data transformation process: 
**********************************************************************
  Resource 'punkt_tab' not found.
  Please use the NLTK Downloader to obtain the resource:

  >>> import nltk
  >>> nltk.download('punkt_tab')

  For more information see: https://www.nltk.org/data.html

  Attempted to load 'tokenizers/punkt_tab/english/'

  Searched in:
    - '/Users/milindchavan/nltk_data'
    - '/opt/miniconda3/envs/ml-vehicle-insurance/nltk_data'
    - '/opt/miniconda3/envs/ml-vehicle-insurance/share/nltk_data'
    - '/opt/miniconda3/envs/ml-vehicle-insurance/lib/nltk_data'
    - '/usr/share/nltk_data'
    - '/usr/local/share/nltk_data'
    - '/usr/lib/nltk_data'
    - '/usr/local/lib/nltk_data'
**********************************************************************

2026-06-18 19:04:57,623 - data_preprocessing - DEBUG - Data loaded properly
2026-06-18 19:04:57,624 - data_preprocessing - DEBUG - Starting preprocessing for DataFrame
2026-06-18 19:04:57,632 - data_preprocessing - DEBUG - Target column encoded
2026-06-18 19:04:57,634 - data_preprocessing - DEBUG - Duplicates removed
2026-06-18 19:04:57,635 - data_preprocessing - ERROR - Error during text normalization: 
**********************************************************************
  Resource 'punkt_tab' not found.
  Please use the NLTK Downloader to obtain the resource:

  >>> import nltk
  >>> nltk.download('punkt_tab')

  For more information see: https://www.nltk.org/data.html

  Attempted to load 'tokenizers/punkt_tab/english/'

  Searched in:
    - '/Users/milindchavan/nltk_data'
    - '/opt/miniconda3/envs/ml-vehicle-insurance/nltk_data'
    - '/opt/miniconda3/envs/ml-vehicle-insurance/share/nltk_data'
    - '/opt/miniconda3/envs/ml-vehicle-insurance/lib/nltk_data'
    - '/usr/share/nltk_data'
    - '/usr/local/share/nltk_data'
    - '/usr/lib/nltk_data'
    - '/usr/local/lib/nltk_data'
**********************************************************************

2026-06-18 19:04:57,635 - data_preprocessing - ERROR - Failed to complete the data transformation process: 
**********************************************************************
  Resource 'punkt_tab' not found.
  Please use the NLTK Downloader to obtain the resource:

  >>> import nltk
  >>> nltk.download('punkt_tab')

  For more information see: https://www.nltk.org/data.html

  Attempted to load 'tokenizers/punkt_tab/english/'

  Searched in:
    - '/Users/milindchavan/nltk_data'
    - '/opt/miniconda3/envs/ml-vehicle-insurance/nltk_data'
    - '/opt/miniconda3/envs/ml-vehicle-insurance/share/nltk_data'
    - '/opt/miniconda3/envs/ml-vehicle-insurance/lib/nltk_data'
    - '/usr/share/nltk_data'
    - '/usr/local/share/nltk_data'
    - '/usr/lib/nltk_data'
    - '/usr/local/lib/nltk_data'
**********************************************************************

2026-06-18 19:10:08,041 - data_preprocessing - DEBUG - Data loaded properly
2026-06-18 19:10:08,041 - data_preprocessing - DEBUG - Starting preprocessing for DataFrame
2026-06-18 19:10:08,050 - data_preprocessing - DEBUG - Target column encoded
2026-06-18 19:10:08,053 - data_preprocessing - DEBUG - Duplicates removed
2026-06-18 19:10:08,054 - data_preprocessing - ERROR - Error during text normalization: 
**********************************************************************
  Resource 'punkt_tab' not found.
  Please use the NLTK Downloader to obtain the resource:

  >>> import nltk
  >>> nltk.download('punkt_tab')

  For more information see: https://www.nltk.org/data.html

  Attempted to load 'tokenizers/punkt_tab/english/'

  Searched in:
    - '/Users/milindchavan/nltk_data'
    - '/opt/miniconda3/envs/ml-vehicle-insurance/nltk_data'
    - '/opt/miniconda3/envs/ml-vehicle-insurance/share/nltk_data'
    - '/opt/miniconda3/envs/ml-vehicle-insurance/lib/nltk_data'
    - '/usr/share/nltk_data'
    - '/usr/local/share/nltk_data'
    - '/usr/lib/nltk_data'
    - '/usr/local/lib/nltk_data'
**********************************************************************

2026-06-18 19:10:08,054 - data_preprocessing - ERROR - Failed to complete the data transformation process: 
**********************************************************************
  Resource 'punkt_tab' not found.
  Please use the NLTK Downloader to obtain the resource:

  >>> import nltk
  >>> nltk.download('punkt_tab')

  For more information see: https://www.nltk.org/data.html

  Attempted to load 'tokenizers/punkt_tab/english/'

  Searched in:
    - '/Users/milindchavan/nltk_data'
    - '/opt/miniconda3/envs/ml-vehicle-insurance/nltk_data'
    - '/opt/miniconda3/envs/ml-vehicle-insurance/share/nltk_data'
    - '/opt/miniconda3/envs/ml-vehicle-insurance/lib/nltk_data'
    - '/usr/share/nltk_data'
    - '/usr/local/share/nltk_data'
    - '/usr/lib/nltk_data'
    - '/usr/local/lib/nltk_data'
**********************************************************************

2026-06-18 19:13:13,601 - data_preprocessing - DEBUG - Data loaded properly
2026-06-18 19:13:13,601 - data_preprocessing - DEBUG - Starting preprocessing for DataFrame
2026-06-18 19:13:13,609 - data_preprocessing - DEBUG - Target column encoded
2026-06-18 19:13:13,612 - data_preprocessing - DEBUG - Duplicates removed
2026-06-18 19:13:19,249 - data_preprocessing - DEBUG - Text column transformed
2026-06-18 19:13:19,249 - data_preprocessing - DEBUG - Starting preprocessing for DataFrame
2026-06-18 19:13:19,249 - data_preprocessing - DEBUG - Target column encoded
2026-06-18 19:13:19,250 - data_preprocessing - DEBUG - Duplicates removed
2026-06-18 19:13:20,737 - data_preprocessing - DEBUG - Text column transformed
2026-06-18 19:13:20,742 - data_preprocessing - DEBUG - Processed data saved to ./data/interim
